==28908== Memcheck, a memory error detector
==28908== Copyright (C) 2002-2022, and GNU GPL'd, by Julian Seward et al.
==28908== Using Valgrind-3.21.0.GIT-lbmacos and LibVEX; rerun with -h for copyright info
==28908== Command: ./minishell
==28908== Parent PID: 26396
==28908== 
--28908-- run: /usr/bin/dsymutil "./minishell"
==28926== 
==28926== HEAP SUMMARY:
==28926==     in use at exit: 341,674 bytes in 469 blocks
==28926==   total heap usage: 735 allocs, 266 frees, 367,575 bytes allocated
==28926== 
==28926== LEAK SUMMARY:
==28926==    definitely lost: 132 bytes in 3 blocks
==28926==    indirectly lost: 4,096 bytes in 2 blocks
==28926==      possibly lost: 8,880 bytes in 7 blocks
==28926==    still reachable: 328,566 bytes in 457 blocks
==28926==         suppressed: 0 bytes in 0 blocks
==28926== Rerun with --leak-check=full to see details of leaked memory
==28926== 
==28926== For lists of detected and suppressed errors, rerun with: -s
==28926== ERROR SUMMARY: 0 errors from 0 contexts (suppressed: 401 from 7)
==28908== Conditional jump or move depends on uninitialised value(s)
==28908==    at 0x100005927: update_global (in ./minishell)
==28908==    by 0x10000139D: main (in ./minishell)
==28908== 
{
   <insert_a_suppression_name_here>
   Memcheck:Cond
   fun:update_global
   fun:main
}
==28908== 
==28908== HEAP SUMMARY:
==28908==     in use at exit: 329,468 bytes in 394 blocks
==28908==   total heap usage: 721 allocs, 327 frees, 357,162 bytes allocated
==28908== 
==28908== LEAK SUMMARY:
==28908==    definitely lost: 200 bytes in 2 blocks
==28908==    indirectly lost: 0 bytes in 0 blocks
==28908==      possibly lost: 8,816 bytes in 6 blocks
==28908==    still reachable: 320,452 bytes in 386 blocks
==28908==         suppressed: 0 bytes in 0 blocks
==28908== Rerun with --leak-check=full to see details of leaked memory
==28908== 
==28908== Use --track-origins=yes to see where uninitialised values come from
==28908== For lists of detected and suppressed errors, rerun with: -s
==28908== ERROR SUMMARY: 1 errors from 1 contexts (suppressed: 401 from 7)
